{"message":"Cannot find module '../routes/users'\nRequire stack:\n- /Users/abhishekkumar/workspace/Projects/node-backend/policyApp/startup/routes.js\n- /Users/abhishekkumar/workspace/Projects/node-backend/policyApp/index.js","level":"error","timestamp":"2021-04-02T06:20:58.710Z"}
{"message":"Cannot find module '../routes/users'\nRequire stack:\n- /Users/abhishekkumar/workspace/Projects/node-backend/policyApp/startup/routes.js\n- /Users/abhishekkumar/workspace/Projects/node-backend/policyApp/index.js","level":"error","timestamp":"2021-04-02T06:20:59.527Z"}
{"message":"Cannot find module '../routes/users'\nRequire stack:\n- /Users/abhishekkumar/workspace/Projects/node-backend/policyApp/startup/routes.js\n- /Users/abhishekkumar/workspace/Projects/node-backend/policyApp/index.js","level":"error","timestamp":"2021-04-02T06:21:01.617Z"}
{"message":"Cannot find module '../routes/users'\nRequire stack:\n- /Users/abhishekkumar/workspace/Projects/node-backend/policyApp/startup/routes.js\n- /Users/abhishekkumar/workspace/Projects/node-backend/policyApp/index.js","level":"error","timestamp":"2021-04-02T06:23:56.274Z"}
{"message":"Cannot find module '../routes/users'\nRequire stack:\n- /Users/abhishekkumar/workspace/Projects/node-backend/policyApp/startup/routes.js\n- /Users/abhishekkumar/workspace/Projects/node-backend/policyApp/index.js","level":"error","timestamp":"2021-04-02T06:24:20.275Z"}
{"message":"Cannot find module '../routes/users'\nRequire stack:\n- /Users/abhishekkumar/workspace/Projects/node-backend/policyApp/startup/routes.js\n- /Users/abhishekkumar/workspace/Projects/node-backend/policyApp/index.js","level":"error","timestamp":"2021-04-02T06:25:26.565Z"}
{"message":"Cannot find module '../routes/users'\nRequire stack:\n- /Users/abhishekkumar/workspace/Projects/node-backend/policyApp/startup/routes.js\n- /Users/abhishekkumar/workspace/Projects/node-backend/policyApp/index.js","level":"error","timestamp":"2021-04-02T06:25:32.870Z"}
{"message":"Cannot find module '../routes/users'\nRequire stack:\n- /Users/abhishekkumar/workspace/Projects/node-backend/policyApp/startup/routes.js\n- /Users/abhishekkumar/workspace/Projects/node-backend/policyApp/index.js","level":"error","timestamp":"2021-04-02T06:25:38.482Z"}
{"message":"Cannot find module '../routes/users'\nRequire stack:\n- /Users/abhishekkumar/workspace/Projects/node-backend/policyApp/startup/routes.js\n- /Users/abhishekkumar/workspace/Projects/node-backend/policyApp/index.js","level":"error","timestamp":"2021-04-02T06:26:14.569Z"}
{"message":"Cannot find module '../routes/users'\nRequire stack:\n- /Users/abhishekkumar/workspace/Projects/node-backend/policyApp/startup/routes.js\n- /Users/abhishekkumar/workspace/Projects/node-backend/policyApp/index.js","level":"error","timestamp":"2021-04-02T06:26:21.000Z"}
{"message":"Cannot find module '../routes/users'\nRequire stack:\n- /Users/abhishekkumar/workspace/Projects/node-backend/policyApp/startup/routes.js\n- /Users/abhishekkumar/workspace/Projects/node-backend/policyApp/index.js","level":"error","timestamp":"2021-04-02T06:27:45.241Z"}
{"message":"Cannot find module '../routes/users'\nRequire stack:\n- /Users/abhishekkumar/workspace/Projects/node-backend/policyApp/startup/routes.js\n- /Users/abhishekkumar/workspace/Projects/node-backend/policyApp/index.js","level":"error","timestamp":"2021-04-02T06:29:36.161Z"}
{"message":"Cannot find module '../routes/users'\nRequire stack:\n- /Users/abhishekkumar/workspace/Projects/node-backend/policyApp/startup/routes.js\n- /Users/abhishekkumar/workspace/Projects/node-backend/policyApp/index.js","level":"error","timestamp":"2021-04-02T06:32:12.613Z"}
{"message":"Cannot find module '../routes/users'\nRequire stack:\n- /Users/abhishekkumar/workspace/Projects/node-backend/policyApp/startup/routes.js\n- /Users/abhishekkumar/workspace/Projects/node-backend/policyApp/index.js","level":"error","timestamp":"2021-04-02T06:33:14.451Z"}
{"message":"Cannot find module '../routes/users'\nRequire stack:\n- /Users/abhishekkumar/workspace/Projects/node-backend/policyApp/startup/routes.js\n- /Users/abhishekkumar/workspace/Projects/node-backend/policyApp/index.js","level":"error","timestamp":"2021-04-02T06:33:32.526Z"}
{"message":"Cannot find module '../routes/users'\nRequire stack:\n- /Users/abhishekkumar/workspace/Projects/node-backend/policyApp/startup/routes.js\n- /Users/abhishekkumar/workspace/Projects/node-backend/policyApp/index.js","level":"error","timestamp":"2021-04-02T06:34:08.898Z"}
{"message":"Cannot find module '../routes/users'\nRequire stack:\n- /Users/abhishekkumar/workspace/Projects/node-backend/policyApp/startup/routes.js\n- /Users/abhishekkumar/workspace/Projects/node-backend/policyApp/index.js","level":"error","timestamp":"2021-04-02T06:34:18.811Z"}
{"message":"Cannot find module '../routes/users'\nRequire stack:\n- /Users/abhishekkumar/workspace/Projects/node-backend/policyApp/startup/routes.js\n- /Users/abhishekkumar/workspace/Projects/node-backend/policyApp/index.js","level":"error","timestamp":"2021-04-02T06:35:52.027Z"}
{"message":"Cannot find module '../routes/users'\nRequire stack:\n- /Users/abhishekkumar/workspace/Projects/node-backend/policyApp/startup/routes.js\n- /Users/abhishekkumar/workspace/Projects/node-backend/policyApp/index.js","level":"error","timestamp":"2021-04-02T06:38:00.254Z"}
{"message":"Cannot find module '../routes/users'\nRequire stack:\n- /Users/abhishekkumar/workspace/Projects/node-backend/policyApp/startup/routes.js\n- /Users/abhishekkumar/workspace/Projects/node-backend/policyApp/index.js","level":"error","timestamp":"2021-04-02T06:38:07.197Z"}
{"message":"Cannot find module '../routes/users'\nRequire stack:\n- /Users/abhishekkumar/workspace/Projects/node-backend/policyApp/startup/routes.js\n- /Users/abhishekkumar/workspace/Projects/node-backend/policyApp/index.js","level":"error","timestamp":"2021-04-02T06:38:18.654Z"}
{"message":"Cannot find module '../routes/users'\nRequire stack:\n- /Users/abhishekkumar/workspace/Projects/node-backend/policyApp/startup/routes.js\n- /Users/abhishekkumar/workspace/Projects/node-backend/policyApp/index.js","level":"error","timestamp":"2021-04-02T06:39:18.071Z"}
{"message":"Cannot find module '../routes/users'\nRequire stack:\n- /Users/abhishekkumar/workspace/Projects/node-backend/policyApp/startup/routes.js\n- /Users/abhishekkumar/workspace/Projects/node-backend/policyApp/index.js","level":"error","timestamp":"2021-04-02T06:40:32.764Z"}
{"message":"Cannot find module '../routes/users'\nRequire stack:\n- /Users/abhishekkumar/workspace/Projects/node-backend/policyApp/startup/routes.js\n- /Users/abhishekkumar/workspace/Projects/node-backend/policyApp/index.js","level":"error","timestamp":"2021-04-02T06:48:26.013Z"}
{"message":"Cannot find module '../routes/users'\nRequire stack:\n- /Users/abhishekkumar/workspace/Projects/node-backend/policyApp/startup/routes.js\n- /Users/abhishekkumar/workspace/Projects/node-backend/policyApp/index.js","level":"error","timestamp":"2021-04-02T06:50:00.095Z"}
{"message":"Cannot find module '../routes/users'\nRequire stack:\n- /Users/abhishekkumar/workspace/Projects/node-backend/policyApp/startup/routes.js\n- /Users/abhishekkumar/workspace/Projects/node-backend/policyApp/index.js","level":"error","timestamp":"2021-04-02T06:51:16.424Z"}
{"message":"Cannot find module '../routes/users'\nRequire stack:\n- /Users/abhishekkumar/workspace/Projects/node-backend/policyApp/startup/routes.js\n- /Users/abhishekkumar/workspace/Projects/node-backend/policyApp/index.js","level":"error","timestamp":"2021-04-02T06:51:41.034Z"}
{"message":"Cannot find module '../routes/users'\nRequire stack:\n- /Users/abhishekkumar/workspace/Projects/node-backend/policyApp/startup/routes.js\n- /Users/abhishekkumar/workspace/Projects/node-backend/policyApp/index.js","level":"error","timestamp":"2021-04-02T06:52:07.479Z"}
{"message":"Cannot find module '../routes/users'\nRequire stack:\n- /Users/abhishekkumar/workspace/Projects/node-backend/policyApp/startup/routes.js\n- /Users/abhishekkumar/workspace/Projects/node-backend/policyApp/index.js","level":"error","timestamp":"2021-04-02T06:52:15.352Z"}
{"message":"Cannot find module '../routes/users'\nRequire stack:\n- /Users/abhishekkumar/workspace/Projects/node-backend/policyApp/startup/routes.js\n- /Users/abhishekkumar/workspace/Projects/node-backend/policyApp/index.js","level":"error","timestamp":"2021-04-02T06:53:05.987Z"}
{"message":"Cannot find module '../routes/users'\nRequire stack:\n- /Users/abhishekkumar/workspace/Projects/node-backend/policyApp/startup/routes.js\n- /Users/abhishekkumar/workspace/Projects/node-backend/policyApp/index.js","level":"error","timestamp":"2021-04-02T06:54:02.297Z"}
{"message":"Cannot find module '../routes/users'\nRequire stack:\n- /Users/abhishekkumar/workspace/Projects/node-backend/policyApp/startup/routes.js\n- /Users/abhishekkumar/workspace/Projects/node-backend/policyApp/index.js","level":"error","timestamp":"2021-04-02T06:54:14.736Z"}
{"message":"Cannot find module '../routes/users'\nRequire stack:\n- /Users/abhishekkumar/workspace/Projects/node-backend/policyApp/startup/routes.js\n- /Users/abhishekkumar/workspace/Projects/node-backend/policyApp/index.js","level":"error","timestamp":"2021-04-02T06:56:35.766Z"}
{"message":"Cannot find module '../routes/users'\nRequire stack:\n- /Users/abhishekkumar/workspace/Projects/node-backend/policyApp/startup/routes.js\n- /Users/abhishekkumar/workspace/Projects/node-backend/policyApp/index.js","level":"error","timestamp":"2021-04-02T06:57:34.836Z"}
{"message":"Cannot find module '../routes/users'\nRequire stack:\n- /Users/abhishekkumar/workspace/Projects/node-backend/policyApp/startup/routes.js\n- /Users/abhishekkumar/workspace/Projects/node-backend/policyApp/index.js","level":"error","timestamp":"2021-04-02T06:58:07.788Z"}
{"message":"Cannot find module '../routes/users'\nRequire stack:\n- /Users/abhishekkumar/workspace/Projects/node-backend/policyApp/startup/routes.js\n- /Users/abhishekkumar/workspace/Projects/node-backend/policyApp/index.js","level":"error","timestamp":"2021-04-02T06:58:17.178Z"}
{"message":"Cannot find module '../routes/users'\nRequire stack:\n- /Users/abhishekkumar/workspace/Projects/node-backend/policyApp/startup/routes.js\n- /Users/abhishekkumar/workspace/Projects/node-backend/policyApp/index.js","level":"error","timestamp":"2021-04-02T06:58:31.187Z"}
{"message":"Cannot find module '../routes/users'\nRequire stack:\n- /Users/abhishekkumar/workspace/Projects/node-backend/policyApp/startup/routes.js\n- /Users/abhishekkumar/workspace/Projects/node-backend/policyApp/index.js","level":"error","timestamp":"2021-04-02T06:58:44.507Z"}
{"message":"Cannot find module '../routes/users'\nRequire stack:\n- /Users/abhishekkumar/workspace/Projects/node-backend/policyApp/startup/routes.js\n- /Users/abhishekkumar/workspace/Projects/node-backend/policyApp/index.js","level":"error","timestamp":"2021-04-02T07:02:22.644Z"}
{"message":"Cannot find module '../routes/users'\nRequire stack:\n- /Users/abhishekkumar/workspace/Projects/node-backend/policyApp/startup/routes.js\n- /Users/abhishekkumar/workspace/Projects/node-backend/policyApp/index.js","level":"error","timestamp":"2021-04-02T07:04:25.897Z"}
{"message":"Cannot find module '../routes/users'\nRequire stack:\n- /Users/abhishekkumar/workspace/Projects/node-backend/policyApp/startup/routes.js\n- /Users/abhishekkumar/workspace/Projects/node-backend/policyApp/index.js","level":"error","timestamp":"2021-04-02T07:05:20.317Z"}
{"message":"Cannot find module '../routes/users'\nRequire stack:\n- /Users/abhishekkumar/workspace/Projects/node-backend/policyApp/startup/routes.js\n- /Users/abhishekkumar/workspace/Projects/node-backend/policyApp/index.js","level":"error","timestamp":"2021-04-02T07:05:27.347Z"}
{"message":"Cannot find module '../routes/users'\nRequire stack:\n- /Users/abhishekkumar/workspace/Projects/node-backend/policyApp/startup/routes.js\n- /Users/abhishekkumar/workspace/Projects/node-backend/policyApp/index.js","level":"error","timestamp":"2021-04-02T07:05:52.739Z"}
{"message":"Cannot find module '../routes/users'\nRequire stack:\n- /Users/abhishekkumar/workspace/Projects/node-backend/policyApp/startup/routes.js\n- /Users/abhishekkumar/workspace/Projects/node-backend/policyApp/index.js","level":"error","timestamp":"2021-04-02T07:07:02.287Z"}
{"message":"Cannot find module '../routes/users'\nRequire stack:\n- /Users/abhishekkumar/workspace/Projects/node-backend/policyApp/startup/routes.js\n- /Users/abhishekkumar/workspace/Projects/node-backend/policyApp/index.js","level":"error","timestamp":"2021-04-02T07:09:20.940Z"}
{"message":"Cannot find module '../routes/users'\nRequire stack:\n- /Users/abhishekkumar/workspace/Projects/node-backend/policyApp/startup/routes.js\n- /Users/abhishekkumar/workspace/Projects/node-backend/policyApp/index.js","level":"error","timestamp":"2021-04-02T07:10:03.232Z"}
{"message":"Cannot find module '../routes/users'\nRequire stack:\n- /Users/abhishekkumar/workspace/Projects/node-backend/policyApp/startup/routes.js\n- /Users/abhishekkumar/workspace/Projects/node-backend/policyApp/index.js","level":"error","timestamp":"2021-04-02T07:10:59.813Z"}
{"message":"Cannot find module '../routes/users'\nRequire stack:\n- /Users/abhishekkumar/workspace/Projects/node-backend/policyApp/startup/routes.js\n- /Users/abhishekkumar/workspace/Projects/node-backend/policyApp/index.js","level":"error","timestamp":"2021-04-02T07:14:17.409Z"}
{"message":"Cannot find module '../routes/users'\nRequire stack:\n- /Users/abhishekkumar/workspace/Projects/node-backend/policyApp/startup/routes.js\n- /Users/abhishekkumar/workspace/Projects/node-backend/policyApp/index.js","level":"error","timestamp":"2021-04-02T07:14:51.038Z"}
{"message":"Cannot find module '../routes/users'\nRequire stack:\n- /Users/abhishekkumar/workspace/Projects/node-backend/policyApp/startup/routes.js\n- /Users/abhishekkumar/workspace/Projects/node-backend/policyApp/index.js","level":"error","timestamp":"2021-04-02T07:15:34.989Z"}
{"message":"Cannot find module '../routes/users'\nRequire stack:\n- /Users/abhishekkumar/workspace/Projects/node-backend/policyApp/startup/routes.js\n- /Users/abhishekkumar/workspace/Projects/node-backend/policyApp/index.js","level":"error","timestamp":"2021-04-02T07:16:20.086Z"}
{"message":"Cannot find module '../routes/users'\nRequire stack:\n- /Users/abhishekkumar/workspace/Projects/node-backend/policyApp/startup/routes.js\n- /Users/abhishekkumar/workspace/Projects/node-backend/policyApp/index.js","level":"error","timestamp":"2021-04-02T07:19:56.317Z"}
{"message":"Cannot find module '../routes/users'\nRequire stack:\n- /Users/abhishekkumar/workspace/Projects/node-backend/policyApp/startup/routes.js\n- /Users/abhishekkumar/workspace/Projects/node-backend/policyApp/index.js","level":"error","timestamp":"2021-04-02T07:20:21.550Z"}
{"message":"Cannot find module '../routes/users'\nRequire stack:\n- /Users/abhishekkumar/workspace/Projects/node-backend/policyApp/startup/routes.js\n- /Users/abhishekkumar/workspace/Projects/node-backend/policyApp/index.js","level":"error","timestamp":"2021-04-02T07:21:10.464Z"}
{"message":"Cannot find module '../routes/users'\nRequire stack:\n- /Users/abhishekkumar/workspace/Projects/node-backend/policyApp/startup/routes.js\n- /Users/abhishekkumar/workspace/Projects/node-backend/policyApp/index.js","level":"error","timestamp":"2021-04-02T07:21:19.583Z"}
{"message":"Cannot find module '../routes/users'\nRequire stack:\n- /Users/abhishekkumar/workspace/Projects/node-backend/policyApp/startup/routes.js\n- /Users/abhishekkumar/workspace/Projects/node-backend/policyApp/index.js","level":"error","timestamp":"2021-04-02T07:26:41.831Z"}
{"message":"Cannot find module '../routes/users'\nRequire stack:\n- /Users/abhishekkumar/workspace/Projects/node-backend/policyApp/startup/routes.js\n- /Users/abhishekkumar/workspace/Projects/node-backend/policyApp/index.js","level":"error","timestamp":"2021-04-02T07:28:57.782Z"}
{"message":"Cannot find module '../routes/users'\nRequire stack:\n- /Users/abhishekkumar/workspace/Projects/node-backend/policyApp/startup/routes.js\n- /Users/abhishekkumar/workspace/Projects/node-backend/policyApp/index.js","level":"error","timestamp":"2021-04-02T07:29:50.146Z"}
{"message":"Cannot find module '../routes/users'\nRequire stack:\n- /Users/abhishekkumar/workspace/Projects/node-backend/policyApp/startup/routes.js\n- /Users/abhishekkumar/workspace/Projects/node-backend/policyApp/index.js","level":"error","timestamp":"2021-04-02T07:31:40.905Z"}
{"message":"Cannot find module '../routes/users'\nRequire stack:\n- /Users/abhishekkumar/workspace/Projects/node-backend/policyApp/startup/routes.js\n- /Users/abhishekkumar/workspace/Projects/node-backend/policyApp/index.js","level":"error","timestamp":"2021-04-02T07:32:40.743Z"}
{"message":"Cannot find module '../routes/users'\nRequire stack:\n- /Users/abhishekkumar/workspace/Projects/node-backend/policyApp/startup/routes.js\n- /Users/abhishekkumar/workspace/Projects/node-backend/policyApp/index.js","level":"error","timestamp":"2021-04-02T07:33:48.924Z"}
{"message":"Cannot find module '../routes/users'\nRequire stack:\n- /Users/abhishekkumar/workspace/Projects/node-backend/policyApp/startup/routes.js\n- /Users/abhishekkumar/workspace/Projects/node-backend/policyApp/index.js","level":"error","timestamp":"2021-04-02T07:35:22.919Z"}
{"message":"Cannot find module '../routes/users'\nRequire stack:\n- /Users/abhishekkumar/workspace/Projects/node-backend/policyApp/startup/routes.js\n- /Users/abhishekkumar/workspace/Projects/node-backend/policyApp/index.js","level":"error","timestamp":"2021-04-02T07:36:13.119Z"}
{"message":"Cannot find module '../routes/users'\nRequire stack:\n- /Users/abhishekkumar/workspace/Projects/node-backend/policyApp/startup/routes.js\n- /Users/abhishekkumar/workspace/Projects/node-backend/policyApp/index.js","level":"error","timestamp":"2021-04-02T07:36:41.936Z"}
{"message":"Cannot find module '../routes/users'\nRequire stack:\n- /Users/abhishekkumar/workspace/Projects/node-backend/policyApp/startup/routes.js\n- /Users/abhishekkumar/workspace/Projects/node-backend/policyApp/index.js","level":"error","timestamp":"2021-04-02T08:23:16.393Z"}
{"message":"Cannot find module '../routes/users'\nRequire stack:\n- /Users/abhishekkumar/workspace/Projects/node-backend/policyApp/startup/routes.js\n- /Users/abhishekkumar/workspace/Projects/node-backend/policyApp/index.js","level":"error","timestamp":"2021-04-02T08:23:26.196Z"}
{"message":"Cannot find module '../routes/users'\nRequire stack:\n- /Users/abhishekkumar/workspace/Projects/node-backend/policyApp/startup/routes.js\n- /Users/abhishekkumar/workspace/Projects/node-backend/policyApp/index.js","level":"error","timestamp":"2021-04-02T08:24:27.275Z"}
{"message":"Cannot find module '../routes/users'\nRequire stack:\n- /Users/abhishekkumar/workspace/Projects/node-backend/policyApp/startup/routes.js\n- /Users/abhishekkumar/workspace/Projects/node-backend/policyApp/index.js","level":"error","timestamp":"2021-04-02T08:25:13.885Z"}
{"message":"Cannot find module '../routes/users'\nRequire stack:\n- /Users/abhishekkumar/workspace/Projects/node-backend/policyApp/startup/routes.js\n- /Users/abhishekkumar/workspace/Projects/node-backend/policyApp/index.js","level":"error","timestamp":"2021-04-02T08:25:30.011Z"}
{"message":"Cannot find module '../routes/uploads'\nRequire stack:\n- /Users/abhishekkumar/workspace/Projects/node-backend/policyApp/startup/routes.js\n- /Users/abhishekkumar/workspace/Projects/node-backend/policyApp/index.js","level":"error","timestamp":"2021-04-02T08:26:09.813Z"}
{"message":"users is not defined","level":"error","timestamp":"2021-04-02T08:26:18.051Z"}
{"message":"users is not defined","level":"error","timestamp":"2021-04-02T08:26:26.518Z"}
{"message":"missing ) after argument list","level":"error","timestamp":"2021-04-02T08:39:07.202Z"}
{"message":"Identifier 'uploadPath' has already been declared","level":"error","timestamp":"2021-04-02T15:44:41.605Z"}
{"message":"Cannot set headers after they are sent to the client","level":"error","timestamp":"2021-04-04T13:33:44.164Z"}
{"message":"Cannot set headers after they are sent to the client","level":"error","timestamp":"2021-04-04T13:33:44.165Z"}
{"message":"Cannot set headers after they are sent to the client","level":"error","timestamp":"2021-04-04T13:40:47.827Z"}
{"message":"Cannot set headers after they are sent to the client","level":"error","timestamp":"2021-04-04T13:43:42.952Z"}
{"message":"Cannot set headers after they are sent to the client","level":"error","timestamp":"2021-04-04T13:43:58.062Z"}
{"message":"Cannot set headers after they are sent to the client","level":"error","timestamp":"2021-04-04T13:51:10.987Z"}
{"message":"Cannot set headers after they are sent to the client","level":"error","timestamp":"2021-04-04T13:57:28.489Z"}
{"message":"Unexpected token ')'","level":"error","timestamp":"2021-04-04T14:08:58.140Z"}
{"message":"Cannot set headers after they are sent to the client","level":"error","timestamp":"2021-04-04T14:14:13.407Z"}
{"message":"await is only valid in async function","level":"error","timestamp":"2021-04-04T14:20:11.799Z"}
{"message":"await is only valid in async function","level":"error","timestamp":"2021-04-04T14:20:45.948Z"}
{"message":"await is only valid in async function","level":"error","timestamp":"2021-04-04T14:21:01.064Z"}
{"message":"await is only valid in async function","level":"error","timestamp":"2021-04-04T14:21:29.559Z"}
{"message":"Cannot set headers after they are sent to the client","level":"error","timestamp":"2021-04-04T14:22:02.544Z"}
{"message":"Cannot set headers after they are sent to the client","level":"error","timestamp":"2021-04-04T14:22:55.683Z"}
{"message":"Cannot set headers after they are sent to the client","level":"error","timestamp":"2021-04-04T14:23:05.447Z"}
{"message":"await is only valid in async function","level":"error","timestamp":"2021-04-04T14:23:32.649Z"}
{"message":"await is only valid in async function","level":"error","timestamp":"2021-04-04T14:26:27.775Z"}
{"message":"await is only valid in async function","level":"error","timestamp":"2021-04-04T14:26:54.685Z"}
{"message":"await is only valid in async function","level":"error","timestamp":"2021-04-04T14:29:09.287Z"}
{"message":"await is only valid in async function","level":"error","timestamp":"2021-04-04T14:30:12.303Z"}
{"message":"await is only valid in async function","level":"error","timestamp":"2021-04-04T14:30:43.267Z"}
{"message":"await is only valid in async function","level":"error","timestamp":"2021-04-04T14:31:22.108Z"}
{"message":"await is only valid in async function","level":"error","timestamp":"2021-04-04T14:31:24.683Z"}
{"message":"await is only valid in async function","level":"error","timestamp":"2021-04-04T14:31:48.172Z"}
{"message":"Cannot set headers after they are sent to the client","level":"error","timestamp":"2021-04-04T14:33:49.106Z"}
{"message":"Cannot set headers after they are sent to the client","level":"error","timestamp":"2021-04-04T14:34:57.426Z"}
{"message":"Cannot set headers after they are sent to the client","level":"error","timestamp":"2021-04-04T14:38:44.805Z"}
{"message":"Cannot set headers after they are sent to the client","level":"error","timestamp":"2021-04-04T14:39:15.965Z"}
{"message":"Cannot set headers after they are sent to the client","level":"error","timestamp":"2021-04-04T14:39:28.719Z"}
{"message":"Cannot find module '../models/Agent'\nRequire stack:\n- /Users/abhishekkumar/workspace/Projects/node-backend/policyApp/controller/uploads/savedata.js\n- /Users/abhishekkumar/workspace/Projects/node-backend/policyApp/controller/uploads.js\n- /Users/abhishekkumar/workspace/Projects/node-backend/policyApp/routes/uploads.js\n- /Users/abhishekkumar/workspace/Projects/node-backend/policyApp/startup/routes.js\n- /Users/abhishekkumar/workspace/Projects/node-backend/policyApp/index.js","level":"error","timestamp":"2021-04-04T14:45:37.832Z"}
{"message":"Cannot set headers after they are sent to the client","level":"error","timestamp":"2021-04-04T14:53:50.544Z"}
{"message":"saveAgent is not a function","level":"error","timestamp":"2021-04-04T14:53:50.652Z"}
{"message":"Cannot set headers after they are sent to the client","level":"error","timestamp":"2021-04-04T14:54:22.804Z"}
{"message":"saveAgent is not a function","level":"error","timestamp":"2021-04-04T14:54:22.891Z"}
{"message":"Cannot set headers after they are sent to the client","level":"error","timestamp":"2021-04-04T14:55:02.718Z"}
{"message":"Cannot read property 'forEach' of undefined","level":"error","timestamp":"2021-04-04T14:55:02.824Z"}
{"message":"Cannot set headers after they are sent to the client","level":"error","timestamp":"2021-04-04T14:55:37.105Z"}
{"message":"Cannot read property 'forEach' of undefined","level":"error","timestamp":"2021-04-04T15:09:25.447Z"}
{"message":"Cannot set headers after they are sent to the client","level":"error","timestamp":"2021-04-04T15:09:25.450Z"}
{"message":"Cannot read property 'forEach' of undefined","level":"error","timestamp":"2021-04-04T15:10:03.567Z"}
{"message":"Cannot set headers after they are sent to the client","level":"error","timestamp":"2021-04-04T15:10:03.571Z"}
{"message":"Cannot read property 'forEach' of undefined","level":"error","timestamp":"2021-04-04T15:11:40.273Z"}
{"message":"Cannot set headers after they are sent to the client","level":"error","timestamp":"2021-04-04T15:11:40.276Z"}
{"message":"Cannot set headers after they are sent to the client","level":"error","timestamp":"2021-04-04T15:12:03.054Z"}
{"message":"Cannot set headers after they are sent to the client","level":"error","timestamp":"2021-04-04T15:20:25.765Z"}
{"message":"Cannot set headers after they are sent to the client","level":"error","timestamp":"2021-04-04T15:21:31.355Z"}
{"message":"Cannot set headers after they are sent to the client","level":"error","timestamp":"2021-04-04T15:22:06.106Z"}
{"message":"Cannot set headers after they are sent to the client","level":"error","timestamp":"2021-04-04T15:22:20.559Z"}
{"message":"Cannot read property 'files' of undefined","level":"error","timestamp":"2021-04-04T15:32:34.633Z"}
{"message":"Cannot read property 'files' of undefined","level":"error","timestamp":"2021-04-04T15:33:45.177Z"}
{"message":"Cannot read property 'files' of undefined","level":"error","timestamp":"2021-04-04T15:33:57.891Z"}
{"message":"Cannot set headers after they are sent to the client","level":"error","timestamp":"2021-04-04T15:36:13.763Z"}
{"message":"Cannot set headers after they are sent to the client","level":"error","timestamp":"2021-04-04T15:37:41.883Z"}
{"message":"Cannot set headers after they are sent to the client","level":"error","timestamp":"2021-04-04T15:37:58.935Z"}
{"message":"Cannot set headers after they are sent to the client","level":"error","timestamp":"2021-04-04T15:39:18.819Z"}
{"message":"Cannot set headers after they are sent to the client","level":"error","timestamp":"2021-04-04T15:47:04.117Z"}
{"message":"Cannot set headers after they are sent to the client","level":"error","timestamp":"2021-04-04T15:47:26.483Z"}
{"message":"Cannot set headers after they are sent to the client","level":"error","timestamp":"2021-04-04T15:51:42.820Z"}
{"message":"Cannot set headers after they are sent to the client","level":"error","timestamp":"2021-04-04T15:53:19.233Z"}
{"message":"Cannot find module '../controller/uploads'\nRequire stack:\n- /Users/abhishekkumar/workspace/Projects/node-backend/policyApp/routes/uploads.js\n- /Users/abhishekkumar/workspace/Projects/node-backend/policyApp/startup/routes.js\n- /Users/abhishekkumar/workspace/Projects/node-backend/policyApp/index.js","level":"error","timestamp":"2021-04-04T15:54:35.507Z"}
{"message":"Cannot find module '../controller/uploads'\nRequire stack:\n- /Users/abhishekkumar/workspace/Projects/node-backend/policyApp/routes/uploads.js\n- /Users/abhishekkumar/workspace/Projects/node-backend/policyApp/startup/routes.js\n- /Users/abhishekkumar/workspace/Projects/node-backend/policyApp/index.js","level":"error","timestamp":"2021-04-04T15:54:37.651Z"}
{"message":"Cannot set headers after they are sent to the client","level":"error","timestamp":"2021-04-04T15:55:05.272Z"}
{"message":"bind EADDRINUSE null:6000","level":"error","timestamp":"2021-04-04T21:00:10.903Z"}
{"message":"bind EADDRINUSE null:6000","level":"error","timestamp":"2021-04-04T21:00:10.906Z"}
{"message":"bind EADDRINUSE null:6000","level":"error","timestamp":"2021-04-04T21:00:10.912Z"}
{"message":"bind EADDRINUSE null:6000","level":"error","timestamp":"2021-04-04T21:00:10.926Z"}
{"message":"bind EADDRINUSE null:6000","level":"error","timestamp":"2021-04-04T21:00:10.948Z"}
{"message":"bind EADDRINUSE null:6000","level":"error","timestamp":"2021-04-04T21:00:10.975Z"}
{"message":"bind EADDRINUSE null:6000","level":"error","timestamp":"2021-04-04T21:00:10.980Z"}
{"message":"bind EADDRINUSE null:6000","level":"error","timestamp":"2021-04-04T21:00:10.984Z"}
{"message":"bind EADDRINUSE null:6000","level":"error","timestamp":"2021-04-04T21:00:10.985Z"}
{"message":"bind EADDRINUSE null:6000","level":"error","timestamp":"2021-04-04T21:00:11.006Z"}
{"message":"bind EADDRINUSE null:6000","level":"error","timestamp":"2021-04-04T21:00:11.008Z"}
{"message":"bind EADDRINUSE null:6000","level":"error","timestamp":"2021-04-04T21:00:11.014Z"}
{"message":"cpusCount is not defined","level":"error","timestamp":"2021-04-04T21:04:55.112Z"}
{"message":"Cannot set headers after they are sent to the client","level":"error","timestamp":"2021-04-04T21:06:55.671Z"}
{"message":"Cannot set headers after they are sent to the client","level":"error","timestamp":"2021-04-04T21:16:29.893Z"}
{"message":"Cannot set headers after they are sent to the client","level":"error","timestamp":"2021-04-05T02:44:44.379Z"}
{"message":"Cannot set headers after they are sent to the client","level":"error","timestamp":"2021-04-05T02:54:46.309Z"}
{"message":"Cannot access 'LOB' before initialization","level":"error","timestamp":"2021-04-05T02:54:46.415Z"}
{"message":"Cannot set headers after they are sent to the client","level":"error","timestamp":"2021-04-05T02:55:55.335Z"}
{"message":"Cannot access 'LOB' before initialization","level":"error","timestamp":"2021-04-05T02:55:55.445Z"}
{"message":"Cannot set headers after they are sent to the client","level":"error","timestamp":"2021-04-05T02:57:10.858Z"}
{"message":"Cannot set headers after they are sent to the client","level":"error","timestamp":"2021-04-05T02:57:48.184Z"}
{"message":"Assignment to constant variable.","level":"error","timestamp":"2021-04-05T02:57:48.294Z"}
{"message":"Cannot set headers after they are sent to the client","level":"error","timestamp":"2021-04-05T02:58:35.404Z"}
{"message":"Assignment to constant variable.","level":"error","timestamp":"2021-04-05T02:58:35.530Z"}
{"message":"Cannot set headers after they are sent to the client","level":"error","timestamp":"2021-04-05T03:00:21.078Z"}
{"message":"Assignment to constant variable.","level":"error","timestamp":"2021-04-05T03:00:21.187Z"}
{"message":"Cannot set headers after they are sent to the client","level":"error","timestamp":"2021-04-05T03:03:05.326Z"}
{"message":"Cannot set headers after they are sent to the client","level":"error","timestamp":"2021-04-05T03:03:57.281Z"}
{"message":"Cannot set headers after they are sent to the client","level":"error","timestamp":"2021-04-05T03:04:28.314Z"}
{"message":"Cannot set headers after they are sent to the client","level":"error","timestamp":"2021-04-05T03:05:37.383Z"}
{"message":"Cannot set headers after they are sent to the client","level":"error","timestamp":"2021-04-05T03:12:51.627Z"}
{"message":"allCategory is not defined","level":"error","timestamp":"2021-04-05T03:12:51.748Z"}
{"message":"Cannot set headers after they are sent to the client","level":"error","timestamp":"2021-04-05T03:14:28.395Z"}
{"message":"Cannot set headers after they are sent to the client","level":"error","timestamp":"2021-04-05T07:29:39.573Z"}
{"message":"Cannot set headers after they are sent to the client","level":"error","timestamp":"2021-04-05T07:44:25.119Z"}
{"message":"E11000 duplicate key error collection: policyapp.users index: email_1 dup key: { email: null }","level":"error","timestamp":"2021-04-05T07:44:25.254Z"}
{"message":"Cannot set headers after they are sent to the client","level":"error","timestamp":"2021-04-05T07:46:09.954Z"}
{"message":"Cannot set headers after they are sent to the client","level":"error","timestamp":"2021-04-05T07:54:31.230Z"}
{"message":"User validation failed: zipCode: Cast to Number failed for value \"27101-3843\" at path \"zipCode\"","level":"error","timestamp":"2021-04-05T07:54:31.459Z"}
{"message":"Cannot set headers after they are sent to the client","level":"error","timestamp":"2021-04-05T07:55:32.504Z"}
{"message":"csvData is not defined","level":"error","timestamp":"2021-04-05T08:03:38.971Z"}
{"message":"csvData is not defined","level":"error","timestamp":"2021-04-05T08:04:16.957Z"}
{"message":"csvData is not defined","level":"error","timestamp":"2021-04-05T08:04:39.288Z"}
{"message":"Cannot set headers after they are sent to the client","level":"error","timestamp":"2021-04-05T08:06:56.485Z"}
{"message":"Cannot set headers after they are sent to the client","level":"error","timestamp":"2021-04-05T08:16:28.329Z"}
{"message":"Identifier 'mongoose' has already been declared","level":"error","timestamp":"2021-04-05T08:46:25.387Z"}
{"message":"Identifier 'mongoose' has already been declared","level":"error","timestamp":"2021-04-05T08:47:09.228Z"}
{"message":"Identifier 'mongoose' has already been declared","level":"error","timestamp":"2021-04-05T08:50:41.528Z"}
{"message":"Identifier 'mongoose' has already been declared","level":"error","timestamp":"2021-04-05T08:51:01.877Z"}
{"message":"Identifier 'mongoose' has already been declared","level":"error","timestamp":"2021-04-05T09:35:20.306Z"}
{"message":"Identifier 'mongoose' has already been declared","level":"error","timestamp":"2021-04-05T09:36:42.262Z"}
{"message":"Identifier 'mongoose' has already been declared","level":"error","timestamp":"2021-04-05T09:36:51.394Z"}
{"message":"Cannot set headers after they are sent to the client","level":"error","timestamp":"2021-04-05T09:37:27.653Z"}
{"message":"Policy validation failed: userId: Cast to ObjectId failed for value \"\" at path \"userId\"","level":"error","timestamp":"2021-04-05T09:37:27.775Z"}
{"message":"Cannot set headers after they are sent to the client","level":"error","timestamp":"2021-04-05T09:38:45.910Z"}
{"message":"Cannot set headers after they are sent to the client","level":"error","timestamp":"2021-04-05T09:48:28.756Z"}
{"message":"Cannot set headers after they are sent to the client","level":"error","timestamp":"2021-04-05T09:49:09.434Z"}
{"message":"Cannot set headers after they are sent to the client","level":"error","timestamp":"2021-04-05T09:59:15.059Z"}
{"message":"Policy validation failed: companyCollectionId: Cast to ObjectId failed for value \"Query {\n  _mongooseOptions: {},\n  _transforms: [],\n  _hooks: Kareem { _pres: Map(0) {}, _posts: Map(0) {} },\n  _executionCount: 0,\n  mongooseCollection: NativeCollection {\n    collection: Collection { s: [Object] },\n    Promise: [Function: Promise],\n    _closed: false,\n    opts: {\n      schemaUserProvidedOptions: {},\n      capped: false,\n      autoCreate: undefined,\n      Promise: [Function: Promise],\n      '$wasForceClosed': undefined\n    },\n    name: 'carriers',\n    collectionName: 'carriers',\n    conn: NativeConnection {\n      base: [Mongoose],\n      collections: [Object],\n      models: [Object],\n      config: [Object],\n      replica: false,\n      options: null,\n      otherDbs: [],\n      relatedDbs: {},\n      states: [Object: null prototype],\n      _readyState: 1,\n      _closeCalled: false,\n      _hasOpened: true,\n      plugins: [],\n      id: 0,\n      _queue: [],\n      _listening: false,\n      _connectionString: 'mongodb://localhost/policyapp',\n      _connectionOptions: [Object],\n      name: 'policyapp',\n      host: 'localhost',\n      port: 27017,\n      user: undefined,\n      pass: undefined,\n      client: [MongoClient],\n      '$initialConnection': [Promise],\n      db: [Db]\n    },\n    queue: [],\n    buffer: false,\n    emitter: EventEmitter {\n      _events: [Object: null prototype] {},\n      _eventsCount: 0,\n      _maxListeners: undefined,\n      [Symbol(kCapture)]: false\n    }\n  },\n  model: Model { Carrier },\n  schema: Schema {\n    obj: { companyName: [Object] },\n    paths: {\n      companyName: [SchemaString],\n      _id: [ObjectId],\n      __v: [SchemaNumber]\n    },\n    aliases: {},\n    subpaths: {},\n    virtuals: { id: [VirtualType] },\n    singleNestedPaths: {},\n    nested: {},\n    inherits: {},\n    callQueue: [],\n    _indexes: [],\n    methods: {},\n    methodOptions: {},\n    statics: {},\n    tree: {\n      companyName: [Object],\n      _id: [Object],\n      __v: [Function: Number],\n      id: [VirtualType]\n    },\n    query: {},\n    childSchemas: [],\n    plugins: [ [Object], [Object], [Object], [Object], [Object], [Object] ],\n    '$id': 4,\n    s: { hooks: [Kareem] },\n    _userProvidedOptions: {},\n    options: {\n      typePojoToMixed: true,\n      typeKey: 'type',\n      id: true,\n      noVirtualId: false,\n      _id: true,\n      noId: false,\n      validateBeforeSave: true,\n      read: null,\n      shardKey: null,\n      autoIndex: null,\n      minimize: true,\n      discriminatorKey: '__t',\n      optimisticConcurrency: false,\n      versionKey: '__v',\n      capped: false,\n      bufferCommands: true,\n      strictQuery: false,\n      strict: true,\n      pluralization: true\n    },\n    '$globalPluginsApplied': true\n  },\n  op: 'findOne',\n  options: {},\n  _conditions: { companyName: 'Integon Gen Ins Corp' },\n  _fields: undefined,\n  _update: undefined,\n  _path: undefined,\n  _distinct: undefined,\n  _collection: NodeCollection {\n    collection: NativeCollection {\n      collection: [Collection],\n      Promise: [Function: Promise],\n      _closed: false,\n      opts: [Object],\n      name: 'carriers',\n      collectionName: 'carriers',\n      conn: [NativeConnection],\n      queue: [],\n      buffer: false,\n      emitter: [EventEmitter]\n    },\n    collectionName: 'carriers'\n  },\n  _traceFunction: undefined,\n  '$useProjection': true\n}\" at path \"companyCollectionId\"","level":"error","timestamp":"2021-04-05T09:59:15.200Z"}
{"message":"Cannot set headers after they are sent to the client","level":"error","timestamp":"2021-04-05T10:02:06.002Z"}
{"message":"Policy validation failed: companyCollectionId: Cast to ObjectId failed for value \"Query {\n  _mongooseOptions: {},\n  _transforms: [],\n  _hooks: Kareem { _pres: Map(0) {}, _posts: Map(0) {} },\n  _executionCount: 0,\n  mongooseCollection: NativeCollection {\n    collection: Collection { s: [Object] },\n    Promise: [Function: Promise],\n    _closed: false,\n    opts: {\n      schemaUserProvidedOptions: {},\n      capped: false,\n      autoCreate: undefined,\n      Promise: [Function: Promise],\n      '$wasForceClosed': undefined\n    },\n    name: 'carriers',\n    collectionName: 'carriers',\n    conn: NativeConnection {\n      base: [Mongoose],\n      collections: [Object],\n      models: [Object],\n      config: [Object],\n      replica: false,\n      options: null,\n      otherDbs: [],\n      relatedDbs: {},\n      states: [Object: null prototype],\n      _readyState: 1,\n      _closeCalled: false,\n      _hasOpened: true,\n      plugins: [],\n      id: 0,\n      _queue: [],\n      _listening: false,\n      _connectionString: 'mongodb://localhost/policyapp',\n      _connectionOptions: [Object],\n      name: 'policyapp',\n      host: 'localhost',\n      port: 27017,\n      user: undefined,\n      pass: undefined,\n      client: [MongoClient],\n      '$initialConnection': [Promise],\n      db: [Db]\n    },\n    queue: [],\n    buffer: false,\n    emitter: EventEmitter {\n      _events: [Object: null prototype] {},\n      _eventsCount: 0,\n      _maxListeners: undefined,\n      [Symbol(kCapture)]: false\n    }\n  },\n  model: Model { Carrier },\n  schema: Schema {\n    obj: { companyName: [Object] },\n    paths: {\n      companyName: [SchemaString],\n      _id: [ObjectId],\n      __v: [SchemaNumber]\n    },\n    aliases: {},\n    subpaths: {},\n    virtuals: { id: [VirtualType] },\n    singleNestedPaths: {},\n    nested: {},\n    inherits: {},\n    callQueue: [],\n    _indexes: [],\n    methods: {},\n    methodOptions: {},\n    statics: {},\n    tree: {\n      companyName: [Object],\n      _id: [Object],\n      __v: [Function: Number],\n      id: [VirtualType]\n    },\n    query: {},\n    childSchemas: [],\n    plugins: [ [Object], [Object], [Object], [Object], [Object], [Object] ],\n    '$id': 4,\n    s: { hooks: [Kareem] },\n    _userProvidedOptions: {},\n    options: {\n      typePojoToMixed: true,\n      typeKey: 'type',\n      id: true,\n      noVirtualId: false,\n      _id: true,\n      noId: false,\n      validateBeforeSave: true,\n      read: null,\n      shardKey: null,\n      autoIndex: null,\n      minimize: true,\n      discriminatorKey: '__t',\n      optimisticConcurrency: false,\n      versionKey: '__v',\n      capped: false,\n      bufferCommands: true,\n      strictQuery: false,\n      strict: true,\n      pluralization: true\n    },\n    '$globalPluginsApplied': true\n  },\n  op: 'findOne',\n  options: {},\n  _conditions: { companyName: 'Integon Gen Ins Corp' },\n  _fields: { _id: 1 },\n  _update: undefined,\n  _path: undefined,\n  _distinct: undefined,\n  _collection: NodeCollection {\n    collection: NativeCollection {\n      collection: [Collection],\n      Promise: [Function: Promise],\n      _closed: false,\n      opts: [Object],\n      name: 'carriers',\n      collectionName: 'carriers',\n      conn: [NativeConnection],\n      queue: [],\n      buffer: false,\n      emitter: [EventEmitter]\n    },\n    collectionName: 'carriers'\n  },\n  _traceFunction: undefined,\n  '$useProjection': true,\n  _userProvidedFields: { _id: 1 }\n}\" at path \"companyCollectionId\"","level":"error","timestamp":"2021-04-05T10:02:06.129Z"}
{"message":"Unexpected identifier","level":"error","timestamp":"2021-04-05T10:23:42.741Z"}
{"message":"Unexpected identifier","level":"error","timestamp":"2021-04-05T10:23:44.390Z"}
{"message":"Cannot set headers after they are sent to the client","level":"error","timestamp":"2021-04-05T10:24:26.441Z"}
{"message":"Invalid shorthand property initializer","level":"error","timestamp":"2021-04-06T07:47:46.416Z"}
{"message":"Cannot set headers after they are sent to the client","level":"error","timestamp":"2021-04-06T08:02:53.294Z"}
{"message":"Cannot set headers after they are sent to the client","level":"error","timestamp":"2021-04-06T08:04:37.749Z"}
{"message":"Router.use() requires a middleware function but got a Object","level":"error","timestamp":"2021-04-06T08:27:54.247Z"}
{"message":"Router.use() requires a middleware function but got a Object","level":"error","timestamp":"2021-04-06T08:30:44.437Z"}
{"message":"ß is not defined","level":"error","timestamp":"2021-04-06T08:32:51.557Z"}
{"message":"ß is not defined","level":"error","timestamp":"2021-04-06T08:37:32.422Z"}
{"message":"ß is not defined","level":"error","timestamp":"2021-04-06T08:38:06.597Z"}
{"message":"ß is not defined","level":"error","timestamp":"2021-04-06T08:38:45.051Z"}
{"message":"ß is not defined","level":"error","timestamp":"2021-04-06T08:39:42.355Z"}
{"message":"ß is not defined","level":"error","timestamp":"2021-04-06T08:41:19.118Z"}
{"message":"ß is not defined","level":"error","timestamp":"2021-04-06T08:41:41.818Z"}
{"message":"ß is not defined","level":"error","timestamp":"2021-04-06T08:41:52.575Z"}
{"message":"Cannot set headers after they are sent to the client","level":"error","timestamp":"2021-04-06T08:52:40.093Z"}
{"message":"Cannot find module 'node-schedule'\nRequire stack:\n- /Users/abhishekkumar/workspace/Projects/node-backend/policyApp/index.js","level":"error","timestamp":"2021-04-06T10:35:11.061Z"}
{"message":"Cannot find module '../models/messageInitial'\nRequire stack:\n- /Users/abhishekkumar/workspace/Projects/node-backend/policyApp/routes/timers.js\n- /Users/abhishekkumar/workspace/Projects/node-backend/policyApp/startup/routes.js\n- /Users/abhishekkumar/workspace/Projects/node-backend/policyApp/index.js","level":"error","timestamp":"2021-04-06T10:54:42.346Z"}
{"message":"Cannot find module '../models/messageInitial'\nRequire stack:\n- /Users/abhishekkumar/workspace/Projects/node-backend/policyApp/routes/timers.js\n- /Users/abhishekkumar/workspace/Projects/node-backend/policyApp/startup/routes.js\n- /Users/abhishekkumar/workspace/Projects/node-backend/policyApp/index.js","level":"error","timestamp":"2021-04-06T10:54:58.756Z"}
{"message":"Cannot find module '../models/initialMessage'\nRequire stack:\n- /Users/abhishekkumar/workspace/Projects/node-backend/policyApp/routes/timers.js\n- /Users/abhishekkumar/workspace/Projects/node-backend/policyApp/startup/routes.js\n- /Users/abhishekkumar/workspace/Projects/node-backend/policyApp/index.js","level":"error","timestamp":"2021-04-06T11:28:24.236Z"}
{"message":"Cannot find module '../models/initialMessage'\nRequire stack:\n- /Users/abhishekkumar/workspace/Projects/node-backend/policyApp/routes/timers.js\n- /Users/abhishekkumar/workspace/Projects/node-backend/policyApp/startup/routes.js\n- /Users/abhishekkumar/workspace/Projects/node-backend/policyApp/index.js","level":"error","timestamp":"2021-04-06T11:28:44.719Z"}
{"message":"Cannot find module '../models/initialMessage'\nRequire stack:\n- /Users/abhishekkumar/workspace/Projects/node-backend/policyApp/routes/timers.js\n- /Users/abhishekkumar/workspace/Projects/node-backend/policyApp/startup/routes.js\n- /Users/abhishekkumar/workspace/Projects/node-backend/policyApp/index.js","level":"error","timestamp":"2021-04-06T11:29:08.983Z"}
{"message":"await is only valid in async function","level":"error","timestamp":"2021-04-06T11:31:45.571Z"}
{"message":"await is only valid in async function","level":"error","timestamp":"2021-04-06T11:31:56.527Z"}
{"message":"await is only valid in async function","level":"error","timestamp":"2021-04-06T11:32:03.777Z"}
{"message":"app.use() requires a middleware function","level":"error","timestamp":"2021-04-06T15:51:45.970Z"}
{"message":"worker.fork is not a function","level":"error","timestamp":"2021-04-06T17:50:43.437Z"}
{"message":"Configuration property \"jwtPrivateKey\" is not defined","level":"error","timestamp":"2021-04-06T17:55:00.235Z"}
{"message":"Cannot find module './startup/validation'\nRequire stack:\n- /Users/abhishekkumar/workspace/Projects/node-backend/policyApp/index.js","level":"error","timestamp":"2021-04-06T17:55:24.186Z"}
